<?xml version="1.0" encoding="UTF-8"?>
<!-- Generated by org.testng.reporters.JUnitReportReporter -->
<testsuite hostname="DESKTOP-BFAL20L" failures="0" tests="1" name="excelsheet.ExcelProject" time="7.550" errors="0" timestamp="12 Mar 2021 07:29:05 GMT" skipped="0">
  <testcase classname="excelsheet.ExcelProject" name="setup" time="7.550"/>
</testsuite> <!-- excelsheet.ExcelProject -->
